<?xml version="1.0" encoding="UTF-8"?>
<!-- Generated by org.testng.reporters.JUnitXMLReporter -->
<testsuite hostname="DIN16004011" ignored="2" name="All" tests="3" failures="0" timestamp="19 Apr 2017 07:23:43 GMT" time="0.04" errors="0">
  <testcase name="LogOut" time="0.01" classname="Basic.TestCaseGroup_3"/>
  <testcase name="Login" time="0.0" classname="Basic.TestCaseGroup_3"/>
  <testcase name="Register" time="0.01" classname="Basic.TestCaseGroup_3"/>
  <testcase name="AboutUs" time="0.0" classname="Basic.TestCaseGroup_3">
    <ignored/>
  </testcase> <!-- AboutUs -->
  <testcase name="Home" time="0.0" classname="Basic.TestCaseGroup_3">
    <ignored/>
  </testcase> <!-- Home -->
</testsuite> <!-- All -->
