<?xml version="1.0" encoding="UTF-8"?>
<!-- Generated by org.testng.reporters.JUnitXMLReporter -->
<testsuite hostname="Faith" ignored="0" name="Login" tests="5" failures="0" timestamp="15 Apr 2017 12:17:59 GMT" time="0.163" errors="0">
  <testcase name="Login" time="0.012" classname="Basic.Annotations"/>
  <testcase name="Login" time="0.004" classname="Basic.Annotations"/>
  <testcase name="Register" time="0.005" classname="Basic.Annotations"/>
  <testcase name="Register" time="0.004" classname="Basic.Annotations"/>
  <testcase name="Login" time="0.015" classname="Basic.EssentialAnnotation"/>
</testsuite> <!-- Login -->
