<?xml version="1.0" encoding="UTF-8"?>
<testng-results skipped="0" failed="0" ignored="0" total="3" passed="3">
  <reporter-output>
  </reporter-output>
  <suite name="Default suite" duration-ms="500" started-at="2017-04-19T08:02:57Z" finished-at="2017-04-19T08:02:57Z">
    <groups>
    </groups>
    <test name="Default test" duration-ms="500" started-at="2017-04-19T08:02:57Z" finished-at="2017-04-19T08:02:57Z">
      <class name="Basic.ExcelDataProvider11">
        <test-method status="PASS" signature="Login(java.lang.String, java.lang.String)[pri:0, instance:Basic.ExcelDataProvider11@fc2a074]" name="Login" duration-ms="10" started-at="2017-04-19T13:32:57Z" data-provider="Authentication" finished-at="2017-04-19T13:32:57Z">
          <params>
            <param index="0">
              <value>
                <![CDATA[Shikha@CG.com]]>
              </value>
            </param>
            <param index="1">
              <value>
                <![CDATA[Help@1234]]>
              </value>
            </param>
          </params>
          <reporter-output>
          </reporter-output>
        </test-method> <!-- Login -->
        <test-method status="PASS" signature="Login(java.lang.String, java.lang.String)[pri:0, instance:Basic.ExcelDataProvider11@fc2a074]" name="Login" duration-ms="0" started-at="2017-04-19T13:32:57Z" data-provider="Authentication" finished-at="2017-04-19T13:32:57Z">
          <params>
            <param index="0">
              <value>
                <![CDATA[Saddy@CG.com]]>
              </value>
            </param>
            <param index="1">
              <value>
                <![CDATA[Help@1234]]>
              </value>
            </param>
          </params>
          <reporter-output>
          </reporter-output>
        </test-method> <!-- Login -->
        <test-method status="PASS" signature="Login(java.lang.String, java.lang.String)[pri:0, instance:Basic.ExcelDataProvider11@fc2a074]" name="Login" duration-ms="10" started-at="2017-04-19T13:32:57Z" data-provider="Authentication" finished-at="2017-04-19T13:32:57Z">
          <params>
            <param index="0">
              <value>
                <![CDATA[Disha@CG.com]]>
              </value>
            </param>
            <param index="1">
              <value>
                <![CDATA[Help@1234]]>
              </value>
            </param>
          </params>
          <reporter-output>
          </reporter-output>
        </test-method> <!-- Login -->
      </class> <!-- Basic.ExcelDataProvider11 -->
    </test> <!-- Default test -->
  </suite> <!-- Default suite -->
</testng-results>
