<?xml version="1.0" encoding="UTF-8"?>
<!-- Generated by org.testng.reporters.JUnitXMLReporter -->
<testsuite hostname="DIN16004011" ignored="0" name="Default test" tests="3" failures="0" timestamp="19 Apr 2017 08:02:57 GMT" time="0.5" errors="0">
  <testcase name="Login" time="0.01" classname="Basic.ExcelDataProvider11"/>
  <testcase name="Login" time="0.0" classname="Basic.ExcelDataProvider11"/>
  <testcase name="Login" time="0.01" classname="Basic.ExcelDataProvider11"/>
</testsuite> <!-- Default test -->
